<?xml version="1.0" encoding="UTF-8"?>
<!-- Generated by org.testng.reporters.JUnitXMLReporter -->
<testsuite ignored="0" hostname="DESKTOP-OELSBJR" failures="1" tests="2" name="Default test" time="26.299" errors="0" timestamp="2020-12-21T13:48:01 EST">
  <testcase classname="Frameworkdemo.SeleniumFramework.HomePage" name="basepagenavigate" time="12.517"/>
  <testcase classname="Frameworkdemo.SeleniumFramework.HomePage" name="basepagenavigate" time="13.685">
    <failure type="org.openqa.selenium.SessionNotCreatedException" message="session not created
from chrome not reachable
  (Session info: chrome=87.0.4280.88)
Build info: version: &amp;apos;3.141.59&amp;apos;, revision: &amp;apos;e82be7d358&amp;apos;, time: &amp;apos;2018-11-14T08:17:03&amp;apos;
System info: host: &amp;apos;DESKTOP-OELSBJR&amp;apos;, ip: &amp;apos;192.168.2.49&amp;apos;, os.name: &amp;apos;Windows 10&amp;apos;, os.arch: &amp;apos;amd64&amp;apos;, os.version: &amp;apos;10.0&amp;apos;, java.version: &amp;apos;15.0.1&amp;apos;
Driver info: driver.version: ChromeDriver
remote stacktrace: Backtrace:
	Ordinal0 [0x0082C0C3+3326147]
	Ordinal0 [0x00710851+2164817]
	Ordinal0 [0x00597140+618816]
	Ordinal0 [0x0058D404+578564]
	Ordinal0 [0x0058DACB+580299]
	Ordinal0 [0x0058ED35+585013]
	Ordinal0 [0x00589D61+564577]
	Ordinal0 [0x005982C0+623296]
	Ordinal0 [0x00536BDD+224221]
	Ordinal0 [0x00535CAC+220332]
	Ordinal0 [0x0053189B+202907]
	Ordinal0 [0x00513DF4+81396]
	Ordinal0 [0x00514DEE+85486]
	Ordinal0 [0x00514D79+85369]
	Ordinal0 [0x007285DC+2262492]
	GetHandleVerifier [0x009B2874+1487204]
	GetHandleVerifier [0x009B23CD+1486013]
	GetHandleVerifier [0x009BA368+1518680]
	GetHandleVerifier [0x009B2F4E+1488958]
	Ordinal0 [0x0071ED0D+2223373]
	Ordinal0 [0x0072A12B+2269483]
	Ordinal0 [0x0072A26F+2269807]
	Ordinal0 [0x0073ECB8+2354360]
	BaseThreadInitThunk [0x75FFFA29+25]
	RtlGetAppContainerNamedObjectPath [0x77D675F4+228]
	RtlGetAppContainerNamedObjectPath [0x77D675C4+180]
">
      <![CDATA[org.openqa.selenium.SessionNotCreatedException: session not created
from chrome not reachable
  (Session info: chrome=87.0.4280.88)
Build info: version: '3.141.59', revision: 'e82be7d358', time: '2018-11-14T08:17:03'
System info: host: 'DESKTOP-OELSBJR', ip: '192.168.2.49', os.name: 'Windows 10', os.arch: 'amd64', os.version: '10.0', java.version: '15.0.1'
Driver info: driver.version: ChromeDriver
remote stacktrace: Backtrace:
Ordinal0 [0x0082C0C3+3326147]
Ordinal0 [0x00710851+2164817]
Ordinal0 [0x00597140+618816]
Ordinal0 [0x0058D404+578564]
Ordinal0 [0x0058DACB+580299]
Ordinal0 [0x0058ED35+585013]
Ordinal0 [0x00589D61+564577]
Ordinal0 [0x005982C0+623296]
Ordinal0 [0x00536BDD+224221]
Ordinal0 [0x00535CAC+220332]
Ordinal0 [0x0053189B+202907]
Ordinal0 [0x00513DF4+81396]
Ordinal0 [0x00514DEE+85486]
Ordinal0 [0x00514D79+85369]
Ordinal0 [0x007285DC+2262492]
GetHandleVerifier [0x009B2874+1487204]
GetHandleVerifier [0x009B23CD+1486013]
GetHandleVerifier [0x009BA368+1518680]
GetHandleVerifier [0x009B2F4E+1488958]
Ordinal0 [0x0071ED0D+2223373]
Ordinal0 [0x0072A12B+2269483]
Ordinal0 [0x0072A26F+2269807]
Ordinal0 [0x0073ECB8+2354360]
BaseThreadInitThunk [0x75FFFA29+25]
RtlGetAppContainerNamedObjectPath [0x77D675F4+228]
RtlGetAppContainerNamedObjectPath [0x77D675C4+180]

at java.base/jdk.internal.reflect.NativeConstructorAccessorImpl.newInstance0(Native Method)
at java.base/jdk.internal.reflect.NativeConstructorAccessorImpl.newInstance(NativeConstructorAccessorImpl.java:64)
at java.base/jdk.internal.reflect.DelegatingConstructorAccessorImpl.newInstance(DelegatingConstructorAccessorImpl.java:45)
at java.base/java.lang.reflect.Constructor.newInstanceWithCaller(Constructor.java:500)
at java.base/java.lang.reflect.Constructor.newInstance(Constructor.java:481)
at org.openqa.selenium.remote.W3CHandshakeResponse.lambda$errorHandler$0(W3CHandshakeResponse.java:62)
at org.openqa.selenium.remote.HandshakeResponse.lambda$getResponseFunction$0(HandshakeResponse.java:30)
at org.openqa.selenium.remote.ProtocolHandshake.lambda$createSession$0(ProtocolHandshake.java:126)
at java.base/java.util.stream.ReferencePipeline$3$1.accept(ReferencePipeline.java:195)
at java.base/java.util.Spliterators$ArraySpliterator.tryAdvance(Spliterators.java:958)
at java.base/java.util.stream.ReferencePipeline.forEachWithCancel(ReferencePipeline.java:127)
at java.base/java.util.stream.AbstractPipeline.copyIntoWithCancel(AbstractPipeline.java:502)
at java.base/java.util.stream.AbstractPipeline.copyInto(AbstractPipeline.java:488)
at java.base/java.util.stream.AbstractPipeline.wrapAndCopyInto(AbstractPipeline.java:474)
at java.base/java.util.stream.FindOps$FindOp.evaluateSequential(FindOps.java:150)
at java.base/java.util.stream.AbstractPipeline.evaluate(AbstractPipeline.java:234)
at java.base/java.util.stream.ReferencePipeline.findFirst(ReferencePipeline.java:543)
at org.openqa.selenium.remote.ProtocolHandshake.createSession(ProtocolHandshake.java:128)
at org.openqa.selenium.remote.ProtocolHandshake.createSession(ProtocolHandshake.java:74)
at org.openqa.selenium.remote.HttpCommandExecutor.execute(HttpCommandExecutor.java:136)
at org.openqa.selenium.remote.service.DriverCommandExecutor.execute(DriverCommandExecutor.java:83)
at org.openqa.selenium.remote.RemoteWebDriver.execute(RemoteWebDriver.java:552)
at org.openqa.selenium.remote.RemoteWebDriver.startSession(RemoteWebDriver.java:213)
at org.openqa.selenium.remote.RemoteWebDriver.<init>(RemoteWebDriver.java:131)
at org.openqa.selenium.chrome.ChromeDriver.<init>(ChromeDriver.java:181)
at org.openqa.selenium.chrome.ChromeDriver.<init>(ChromeDriver.java:168)
at org.openqa.selenium.chrome.ChromeDriver.<init>(ChromeDriver.java:123)
at Frameworkdemo.SeleniumFramework.Base.InitilizeDriver(Base.java:35)
at Frameworkdemo.SeleniumFramework.HomePage.basepagenavigate(HomePage.java:19)
at java.base/jdk.internal.reflect.NativeMethodAccessorImpl.invoke0(Native Method)
at java.base/jdk.internal.reflect.NativeMethodAccessorImpl.invoke(NativeMethodAccessorImpl.java:64)
at java.base/jdk.internal.reflect.DelegatingMethodAccessorImpl.invoke(DelegatingMethodAccessorImpl.java:43)
at java.base/java.lang.reflect.Method.invoke(Method.java:564)
at org.testng.internal.MethodInvocationHelper.invokeMethod(MethodInvocationHelper.java:132)
at org.testng.internal.TestInvoker.invokeMethod(TestInvoker.java:599)
at org.testng.internal.TestInvoker.invokeTestMethod(TestInvoker.java:174)
at org.testng.internal.MethodRunner.runInSequence(MethodRunner.java:46)
at org.testng.internal.TestInvoker$MethodInvocationAgent.invoke(TestInvoker.java:822)
at org.testng.internal.TestInvoker.invokeTestMethods(TestInvoker.java:147)
at org.testng.internal.TestMethodWorker.invokeTestMethods(TestMethodWorker.java:146)
at org.testng.internal.TestMethodWorker.run(TestMethodWorker.java:128)
at java.base/java.util.ArrayList.forEach(ArrayList.java:1511)
at org.testng.TestRunner.privateRun(TestRunner.java:764)
at org.testng.TestRunner.run(TestRunner.java:585)
at org.testng.SuiteRunner.runTest(SuiteRunner.java:384)
at org.testng.SuiteRunner.runSequentially(SuiteRunner.java:378)
at org.testng.SuiteRunner.privateRun(SuiteRunner.java:337)
at org.testng.SuiteRunner.run(SuiteRunner.java:286)
at org.testng.SuiteRunnerWorker.runSuite(SuiteRunnerWorker.java:53)
at org.testng.SuiteRunnerWorker.run(SuiteRunnerWorker.java:96)
at org.testng.TestNG.runSuitesSequentially(TestNG.java:1218)
at org.testng.TestNG.runSuitesLocally(TestNG.java:1140)
at org.testng.TestNG.runSuites(TestNG.java:1069)
at org.testng.TestNG.run(TestNG.java:1037)
at org.testng.remote.AbstractRemoteTestNG.run(AbstractRemoteTestNG.java:115)
at org.testng.remote.RemoteTestNG.initAndRun(RemoteTestNG.java:251)
at org.testng.remote.RemoteTestNG.main(RemoteTestNG.java:77)
]]>
    </failure>
  </testcase> <!-- basepagenavigate -->
</testsuite> <!-- Default test -->
